Arguments: 
  C:\Users\Jordane Chaves\AppData\Local\nvs\default\node.exe C:\Program Files (x86)\Yarn\bin\yarn.js

PATH: 
  C:\Program Files (x86)\Common Files\Oracle\Java\javapath;D:\Program Files\ImageMagick-7.1.0-Q16-HDRI;C:\Windows\system32;C:\Windows;C:\Windows\System32\Wbem;C:\Windows\System32\WindowsPowerShell\v1.0\;C:\Windows\System32\OpenSSH\;C:\ProgramData\chocolatey\bin;C:\Users\Jordane Chaves\AppData\Local\Microsoft\WindowsApps;C:\Users\Jordane Chaves\AppData\Local\nvs\default;C:\Users\Jordane Chaves\AppData\Local\nvs\;C:\ProgramData\Jordane\PBRImg;C:\Program Files\Common Files\Autodesk Shared\;C:\Program Files (x86)\Yarn\bin\;C:\Program Files\Docker\Docker\resources\bin;C:\ProgramData\DockerDesktop\version-bin;C:\Program Files (x86)\dotnet\;C:\ProgramData\SpeedTest\;C:\Program Files\Git\cmd;C:\Users\Jordane Chaves\AppData\Local\Programs\Microsoft VS Code\bin;C:\Users\Jordane Chaves\AppData\Local\Yarn\bin

Yarn version: 
  1.22.19

Node version: 
  16.15.1

Platform: 
  win32 x64

Trace: 
  Error: EPERM: operation not permitted, copyfile 'C:\Users\Jordane Chaves\AppData\Local\Yarn\Cache\v6\npm-es5-ext-0.10.62-5e6adc19a6da524bf3d1e02bbc8960e5eb49a9a5-integrity\node_modules\es5-ext\_postinstall.js' -> 'E:\Bibliotecas\www\Ignite\nodejs\certificate-ignite\node_modules\es5-ext\_postinstall.js'

npm manifest: 
  {
    "name": "certificate-ignite",
    "version": "1.0.0",
    "description": "Serverless aws-nodejs-typescript template",
    "main": "serverless.ts",
    "scripts": {
      "test": "echo \"Error: no test specified\" && exit 1"
    },
    "engines": {
      "node": ">=14.15.0"
    },
    "dependencies": {
      "@middy/core": "^2.5.3",
      "@middy/http-json-body-parser": "^2.5.3"
    },
    "devDependencies": {
      "@serverless/typescript": "^3.0.0",
      "@types/aws-lambda": "^8.10.71",
      "@types/node": "^14.14.25",
      "esbuild": "^0.14.11",
      "json-schema-to-ts": "^1.5.0",
      "serverless": "^3.0.0",
      "serverless-esbuild": "^1.23.3",
      "ts-node": "^10.4.0",
      "tsconfig-paths": "^3.9.0",
      "typescript": "^4.1.3"
    },
    "author": "The serverless webpack authors (https://github.com/elastic-coders/serverless-webpack)",
    "license": "MIT"
  }

yarn manifest: 
  No manifest

Lockfile: 
  No lockfile
